[2019-03-18 00:05:19,600] INFO [Group Metadata Manager on Broker 0]: Removed 0 expired offsets in 0 milliseconds. (kafka.coordinator.GroupMetadataManager)
[2019-03-18 00:13:10,951] INFO [Kafka Server 0], shutting down (kafka.server.KafkaServer)
[2019-03-18 00:13:10,952] INFO [Kafka Server 0], Starting controlled shutdown (kafka.server.KafkaServer)
[2019-03-18 00:13:10,987] INFO [Kafka Server 0], Controlled shutdown succeeded (kafka.server.KafkaServer)
[2019-03-18 00:13:10,989] INFO [Socket Server on Broker 0], Shutting down (kafka.network.SocketServer)
[2019-03-18 00:13:10,997] INFO [Socket Server on Broker 0], Shutdown completed (kafka.network.SocketServer)
[2019-03-18 00:13:10,998] INFO [Kafka Request Handler on Broker 0], shutting down (kafka.server.KafkaRequestHandlerPool)
[2019-03-18 00:13:11,000] INFO [Kafka Request Handler on Broker 0], shut down completely (kafka.server.KafkaRequestHandlerPool)
[2019-03-18 00:13:11,005] INFO [ThrottledRequestReaper-Produce], Shutting down (kafka.server.ClientQuotaManager$ThrottledRequestReaper)
[2019-03-18 00:13:11,082] INFO [ThrottledRequestReaper-Produce], Shutdown completed (kafka.server.ClientQuotaManager$ThrottledRequestReaper)
[2019-03-18 00:13:11,082] INFO [ThrottledRequestReaper-Produce], Stopped  (kafka.server.ClientQuotaManager$ThrottledRequestReaper)
[2019-03-18 00:13:11,082] INFO [ThrottledRequestReaper-Fetch], Shutting down (kafka.server.ClientQuotaManager$ThrottledRequestReaper)
[2019-03-18 00:13:12,081] INFO [ThrottledRequestReaper-Fetch], Stopped  (kafka.server.ClientQuotaManager$ThrottledRequestReaper)
[2019-03-18 00:13:12,081] INFO [ThrottledRequestReaper-Fetch], Shutdown completed (kafka.server.ClientQuotaManager$ThrottledRequestReaper)
[2019-03-18 00:13:12,082] INFO [KafkaApi-0] Shutdown complete. (kafka.server.KafkaApis)
[2019-03-18 00:13:12,083] INFO [Replica Manager on Broker 0]: Shutting down (kafka.server.ReplicaManager)
[2019-03-18 00:13:12,084] INFO [ReplicaFetcherManager on broker 0] shutting down (kafka.server.ReplicaFetcherManager)
[2019-03-18 00:13:12,084] INFO [ReplicaFetcherManager on broker 0] shutdown completed (kafka.server.ReplicaFetcherManager)
[2019-03-18 00:13:12,084] INFO [ExpirationReaper-0], Shutting down (kafka.server.DelayedOperationPurgatory$ExpiredOperationReaper)
[2019-03-18 00:13:12,213] INFO [ExpirationReaper-0], Stopped  (kafka.server.DelayedOperationPurgatory$ExpiredOperationReaper)
[2019-03-18 00:13:12,213] INFO [ExpirationReaper-0], Shutdown completed (kafka.server.DelayedOperationPurgatory$ExpiredOperationReaper)
[2019-03-18 00:13:12,214] INFO [ExpirationReaper-0], Shutting down (kafka.server.DelayedOperationPurgatory$ExpiredOperationReaper)
[2019-03-18 00:13:12,413] INFO [ExpirationReaper-0], Stopped  (kafka.server.DelayedOperationPurgatory$ExpiredOperationReaper)
[2019-03-18 00:13:12,413] INFO [ExpirationReaper-0], Shutdown completed (kafka.server.DelayedOperationPurgatory$ExpiredOperationReaper)
[2019-03-18 00:13:12,418] INFO [Replica Manager on Broker 0]: Shut down completely (kafka.server.ReplicaManager)
[2019-03-18 00:13:12,419] INFO Shutting down. (kafka.log.LogManager)
[2019-03-18 00:13:12,440] INFO Shutdown complete. (kafka.log.LogManager)
[2019-03-18 00:13:12,441] INFO [GroupCoordinator 0]: Shutting down. (kafka.coordinator.GroupCoordinator)
[2019-03-18 00:13:12,442] INFO [ExpirationReaper-0], Shutting down (kafka.server.DelayedOperationPurgatory$ExpiredOperationReaper)
[2019-03-18 00:13:12,614] INFO [ExpirationReaper-0], Stopped  (kafka.server.DelayedOperationPurgatory$ExpiredOperationReaper)
[2019-03-18 00:13:12,614] INFO [ExpirationReaper-0], Shutdown completed (kafka.server.DelayedOperationPurgatory$ExpiredOperationReaper)
[2019-03-18 00:13:12,615] INFO [ExpirationReaper-0], Shutting down (kafka.server.DelayedOperationPurgatory$ExpiredOperationReaper)
[2019-03-18 00:13:12,814] INFO [ExpirationReaper-0], Stopped  (kafka.server.DelayedOperationPurgatory$ExpiredOperationReaper)
[2019-03-18 00:13:12,814] INFO [ExpirationReaper-0], Shutdown completed (kafka.server.DelayedOperationPurgatory$ExpiredOperationReaper)
[2019-03-18 00:13:12,815] INFO [GroupCoordinator 0]: Shutdown complete. (kafka.coordinator.GroupCoordinator)
[2019-03-18 00:13:12,831] INFO [Kafka Server 0], shut down completed (kafka.server.KafkaServer)
